<?xml version="1.0" encoding="UTF-8"?>
<!-- Generated by org.testng.reporters.JUnitXMLReporter -->
<testsuite hostname="NODE263" name="Firefox Test" tests="1" failures="0" timestamp="2 Sep 2016 08:39:17 GMT" time="0.266" errors="0">
  <testcase name="@BeforeMethod openUrl" time="0.0" classname="com.rodanandfields.test.methods.FirstRFTest">
    <failure type="java.lang.NoClassDefFoundError" message="org/openqa/selenium/io/CircularOutputStream">
      <![CDATA[java.lang.NoClassDefFoundError: org/openqa/selenium/io/CircularOutputStream
	at org.openqa.selenium.firefox.FirefoxBinary.<init>(FirefoxBinary.java:60)
	at org.openqa.selenium.firefox.FirefoxBinary.<init>(FirefoxBinary.java:56)
	at org.openqa.selenium.firefox.FirefoxDriver.<init>(FirefoxDriver.java:120)
	at com.rodanandfields.test.base.TestBaseClass.openUrl(TestBaseClass.java:14)
	at java.util.concurrent.FutureTask.run(Unknown Source)
	at java.util.concurrent.ThreadPoolExecutor.runWorker(Unknown Source)
	at java.util.concurrent.ThreadPoolExecutor$Worker.run(Unknown Source)
	at java.lang.Thread.run(Unknown Source)
Caused by: java.lang.ClassNotFoundException: org.openqa.selenium.io.CircularOutputStream
	at java.net.URLClassLoader.findClass(Unknown Source)
	at java.lang.ClassLoader.loadClass(Unknown Source)
	at sun.misc.Launcher$AppClassLoader.loadClass(Unknown Source)
	at java.lang.ClassLoader.loadClass(Unknown Source)
	... 26 more
... Removed 18 stack frames]]>
    </failure>
  </testcase> <!-- @BeforeMethod openUrl -->
  <testcase name="@AfterMethod close" time="0.0" classname="com.rodanandfields.test.methods.FirstRFTest">
    <skipped/>
  </testcase> <!-- @AfterMethod close -->
  <testcase name="selectProductTest" time="0.017" classname="com.rodanandfields.test.methods.FirstRFTest">
    <skipped/>
  </testcase> <!-- selectProductTest -->
</testsuite> <!-- Firefox Test -->
